<?xml version="1.0" encoding="UTF-8"?>
<testng-results ignored="0" total="1" passed="1" failed="0" skipped="0">
  <reporter-output>
  </reporter-output>
  <suite started-at="2022-05-31T11:35:21 IST" name="Suite" finished-at="2022-05-31T11:36:00 IST" duration-ms="38447">
    <groups>
    </groups>
    <test started-at="2022-05-31T11:35:21 IST" name="Test" finished-at="2022-05-31T11:36:00 IST" duration-ms="38447">
      <class name="VootHome">
        <test-method is-config="true" signature="init(java.lang.String,java.lang.String)[pri:0, instance:VootHome@1ed6388a]" started-at="2022-05-31T11:35:21 IST" name="init" finished-at="2022-05-31T11:35:29 IST" duration-ms="7994" status="PASS">
          <params>
            <param index="0">
              <value>
                <![CDATA[chrome]]>
              </value>
            </param>
            <param index="1">
              <value>
                <![CDATA[http://automationpractice.com/index.php]]>
              </value>
            </param>
          </params>
          <reporter-output>
          </reporter-output>
        </test-method> <!-- init -->
        <test-method signature="homePagevalidation()[pri:0, instance:VootHome@1ed6388a]" started-at="2022-05-31T11:35:29 IST" name="homePagevalidation" finished-at="2022-05-31T11:35:59 IST" duration-ms="30077" status="PASS">
          <reporter-output>
          </reporter-output>
        </test-method> <!-- homePagevalidation -->
        <test-method is-config="true" signature="quit()[pri:0, instance:VootHome@1ed6388a]" started-at="2022-05-31T11:35:59 IST" name="quit" finished-at="2022-05-31T11:36:00 IST" duration-ms="328" status="PASS">
          <reporter-output>
          </reporter-output>
        </test-method> <!-- quit -->
      </class> <!-- VootHome -->
    </test> <!-- Test -->
  </suite> <!-- Suite -->
</testng-results>
