<?xml version="1.0" encoding="UTF-8"?>
<testng-results ignored="0" total="1" passed="1" failed="0" skipped="0">
  <reporter-output>
  </reporter-output>
  <suite started-at="2022-05-31T12:39:26 IST" name="Suite" finished-at="2022-05-31T12:40:40 IST" duration-ms="73459">
    <groups>
    </groups>
    <test started-at="2022-05-31T12:39:26 IST" name="Test" finished-at="2022-05-31T12:40:40 IST" duration-ms="73459">
      <class name="Methods">
        <test-method is-config="true" signature="init(java.lang.String,java.lang.String)[pri:0, instance:Methods@49049a04]" started-at="2022-05-31T12:39:26 IST" name="init" finished-at="2022-05-31T12:40:02 IST" duration-ms="35791" status="PASS">
          <params>
            <param index="0">
              <value>
                <![CDATA[chrome]]>
              </value>
            </param>
            <param index="1">
              <value>
                <![CDATA[https://www.anz.com.au/personal/home-loans/calculators-tools/much-borrow/ ]]>
              </value>
            </param>
          </params>
          <reporter-output>
          </reporter-output>
        </test-method> <!-- init -->
        <test-method signature="homePagevalidation()[pri:0, instance:Methods@49049a04]" started-at="2022-05-31T12:40:02 IST" name="homePagevalidation" finished-at="2022-05-31T12:40:40 IST" duration-ms="37435" status="PASS">
          <reporter-output>
          </reporter-output>
        </test-method> <!-- homePagevalidation -->
        <test-method is-config="true" signature="quit()[pri:0, instance:Methods@49049a04]" started-at="2022-05-31T12:40:40 IST" name="quit" finished-at="2022-05-31T12:40:40 IST" duration-ms="169" status="PASS">
          <reporter-output>
          </reporter-output>
        </test-method> <!-- quit -->
      </class> <!-- Methods -->
    </test> <!-- Test -->
  </suite> <!-- Suite -->
</testng-results>
