<?xml version="1.0" encoding="UTF-8"?>
<testng-results ignored="0" total="1" passed="1" failed="0" skipped="0">
  <reporter-output>
  </reporter-output>
  <suite started-at="2022-05-31T11:53:55 IST" name="Default suite" finished-at="2022-05-31T11:54:35 IST" duration-ms="40118">
    <groups>
    </groups>
    <test started-at="2022-05-31T11:53:55 IST" name="Default test" finished-at="2022-05-31T11:54:35 IST" duration-ms="40118">
      <class name="vootdemo1.BasicPgm">
        <test-method is-config="true" signature="setUp()[pri:0, instance:vootdemo1.BasicPgm@e350b40]" started-at="2022-05-31T11:53:55 IST" name="setUp" finished-at="2022-05-31T11:53:58 IST" duration-ms="2309" status="PASS">
          <reporter-output>
          </reporter-output>
        </test-method> <!-- setUp -->
        <test-method signature="testUntitledTestCase()[pri:0, instance:vootdemo1.BasicPgm@e350b40]" started-at="2022-05-31T11:53:58 IST" name="testUntitledTestCase" finished-at="2022-05-31T11:54:35 IST" duration-ms="37449" status="PASS">
          <reporter-output>
          </reporter-output>
        </test-method> <!-- testUntitledTestCase -->
        <test-method is-config="true" signature="tearDown()[pri:0, instance:vootdemo1.BasicPgm@e350b40]" started-at="2022-05-31T11:54:35 IST" name="tearDown" finished-at="2022-05-31T11:54:35 IST" duration-ms="296" status="PASS">
          <reporter-output>
          </reporter-output>
        </test-method> <!-- tearDown -->
      </class> <!-- vootdemo1.BasicPgm -->
    </test> <!-- Default test -->
  </suite> <!-- Default suite -->
</testng-results>
