<?xml version="1.0" encoding="UTF-8"?>
<testng-results ignored="0" total="1" passed="1" failed="0" skipped="0">
  <reporter-output>
  </reporter-output>
  <suite started-at="2022-05-31T11:32:37 IST" name="Suite" finished-at="2022-05-31T11:33:00 IST" duration-ms="23226">
    <groups>
    </groups>
    <test started-at="2022-05-31T11:32:37 IST" name="Test" finished-at="2022-05-31T11:33:00 IST" duration-ms="23226">
      <class name="VootHome">
        <test-method is-config="true" signature="init(java.lang.String,java.lang.String)[pri:0, instance:VootHome@1ed6388a]" started-at="2022-05-31T11:32:37 IST" name="init" finished-at="2022-05-31T11:32:44 IST" duration-ms="7152" status="PASS">
          <params>
            <param index="0">
              <value>
                <![CDATA[chrome]]>
              </value>
            </param>
            <param index="1">
              <value>
                <![CDATA[http://demo.automationtesting.in/Frames.html]]>
              </value>
            </param>
          </params>
          <reporter-output>
          </reporter-output>
        </test-method> <!-- init -->
        <test-method signature="homePagevalidation()[pri:0, instance:VootHome@1ed6388a]" started-at="2022-05-31T11:32:44 IST" name="homePagevalidation" finished-at="2022-05-31T11:33:00 IST" duration-ms="15739" status="PASS">
          <reporter-output>
          </reporter-output>
        </test-method> <!-- homePagevalidation -->
        <test-method is-config="true" signature="quit()[pri:0, instance:VootHome@1ed6388a]" started-at="2022-05-31T11:33:00 IST" name="quit" finished-at="2022-05-31T11:33:00 IST" duration-ms="280" status="PASS">
          <reporter-output>
          </reporter-output>
        </test-method> <!-- quit -->
      </class> <!-- VootHome -->
    </test> <!-- Test -->
  </suite> <!-- Suite -->
</testng-results>
